<?xml version="1.0" encoding="UTF-8"?>
<!-- Generated by org.testng.reporters.JUnitReportReporter -->
<testsuite hostname="LAPTOP-5GJO4B5V" failures="0" tests="1" name="testcases.MenTestCases" time="33.316" errors="0" timestamp="2022-08-18T18:24:13 IST" skipped="0">
  <testcase classname="testcases.MenTestCases" name="searchForFormalShirts" time="33.316"/>
  <system-out/>
</testsuite> <!-- testcases.MenTestCases -->
