<?xml version="1.0" encoding="UTF-8"?>
<!-- Generated by org.testng.reporters.JUnitReportReporter -->
<testsuite hostname="LAPTOP-5GJO4B5V" failures="0" tests="1" name="testcases.MenTestCases" time="35.907" errors="0" timestamp="2022-09-14T14:08:21 IST" skipped="0">
  <testcase classname="testcases.MenTestCases" name="searchForFormalShirts" time="35.907"/>
  <system-out/>
</testsuite> <!-- testcases.MenTestCases -->
